{"/Users/ysk/Desktop/NUS/Year3Sem2/CS4218/Project/cs4218-2420-ecom-project-team48/models/categoryModel.js": {"path":"/Users/ysk/Desktop/NUS/Year3Sem2/CS4218/Project/cs4218-2420-ecom-project-team48/models/categoryModel.js","statementMap":{"0":{"start":{"line":3,"column":23},"end":{"line":13,"column":2}}},"fnMap":{},"branchMap":{},"s":{"0":1},"f":{},"b":{},"_coverageSchema":"1a1c01bbd47fc00a2c39e90264f33305004495a9","hash":"14459c5e81685d35e1cbe15f2baa7c8e8e891364"}
,"/Users/ysk/Desktop/NUS/Year3Sem2/CS4218/Project/cs4218-2420-ecom-project-team48/models/orderModel.js": {"path":"/Users/ysk/Desktop/NUS/Year3Sem2/CS4218/Project/cs4218-2420-ecom-project-team48/models/orderModel.js","statementMap":{"0":{"start":{"line":3,"column":20},"end":{"line":23,"column":1}}},"fnMap":{},"branchMap":{},"s":{"0":1},"f":{},"b":{},"_coverageSchema":"1a1c01bbd47fc00a2c39e90264f33305004495a9","hash":"f4e1928b0e92ba93b16418d0d51fe777fd3ceb80"}
,"/Users/ysk/Desktop/NUS/Year3Sem2/CS4218/Project/cs4218-2420-ecom-project-team48/models/productModel.js": {"path":"/Users/ysk/Desktop/NUS/Year3Sem2/CS4218/Project/cs4218-2420-ecom-project-team48/models/productModel.js","statementMap":{"0":{"start":{"line":3,"column":22},"end":{"line":39,"column":1}}},"fnMap":{},"branchMap":{},"s":{"0":1},"f":{},"b":{},"_coverageSchema":"1a1c01bbd47fc00a2c39e90264f33305004495a9","hash":"65135b1f8422427d810ab41ef93a686786880544"}
,"/Users/ysk/Desktop/NUS/Year3Sem2/CS4218/Project/cs4218-2420-ecom-project-team48/models/userModel.js": {"path":"/Users/ysk/Desktop/NUS/Year3Sem2/CS4218/Project/cs4218-2420-ecom-project-team48/models/userModel.js","statementMap":{"0":{"start":{"line":3,"column":19},"end":{"line":37,"column":1}}},"fnMap":{},"branchMap":{},"s":{"0":1},"f":{},"b":{},"_coverageSchema":"1a1c01bbd47fc00a2c39e90264f33305004495a9","hash":"5e7cf4928360f6e3b8395e1c16df4d257766e04b"}
}
