TN:
SF:client/src/components/Footer.js
FN:4,(anonymous_0)
FNF:1
FNH:1
FNDA:32,(anonymous_0)
DA:4,1
DA:5,32
LF:2
LH:2
BRF:0
BRH:0
end_of_record
TN:
SF:client/src/components/Header.js
FN:10,(anonymous_0)
FN:14,(anonymous_1)
FN:63,(anonymous_2)
FNF:3
FNH:2
FNDA:33,(anonymous_0)
FNDA:0,(anonymous_1)
FNDA:7,(anonymous_2)
DA:10,1
DA:11,33
DA:12,33
DA:13,33
DA:14,32
DA:15,0
DA:20,0
DA:21,0
DA:23,32
DA:64,7
LF:10
LH:7
BRDA:76,0,0,32
BRDA:76,0,1,0
BRDA:105,1,0,0
BRDA:105,1,1,0
BRF:4
BRH:1
end_of_record
TN:
SF:client/src/components/Layout.js
FN:8,(anonymous_0)
FNF:1
FNH:1
FNDA:32,(anonymous_0)
DA:8,1
DA:9,32
DA:28,1
LF:3
LH:3
BRF:0
BRH:0
end_of_record
TN:
SF:client/src/components/Form/SearchInput.js
FN:5,(anonymous_0)
FN:9,(anonymous_1)
FN:30,(anonymous_2)
FNF:3
FNH:1
FNDA:32,(anonymous_0)
FNDA:0,(anonymous_1)
FNDA:0,(anonymous_2)
DA:5,1
DA:6,32
DA:7,32
DA:9,32
DA:10,0
DA:11,0
DA:12,0
DA:15,0
DA:16,0
DA:18,0
DA:21,32
DA:30,0
LF:12
LH:5
BRF:0
BRH:0
end_of_record
TN:
SF:client/src/hooks/useCategory.js
FN:4,useCategory
FN:8,(anonymous_1)
FN:17,(anonymous_2)
FNF:3
FNH:3
FNDA:33,useCategory
FNDA:9,(anonymous_1)
FNDA:9,(anonymous_2)
DA:5,33
DA:8,32
DA:9,9
DA:10,9
DA:11,5
DA:13,4
DA:17,32
DA:18,9
DA:21,32
LF:9
LH:9
BRF:0
BRH:0
end_of_record
TN:
SF:client/src/pages/HomePage.js
FN:12,(anonymous_0)
FN:24,(anonymous_1)
FN:35,(anonymous_2)
FN:40,(anonymous_3)
FN:53,(anonymous_4)
FN:62,(anonymous_5)
FN:67,(anonymous_6)
FN:80,(anonymous_7)
FN:85,(anonymous_8)
FN:89,(anonymous_9)
FN:93,(anonymous_10)
FN:98,(anonymous_11)
FN:123,(anonymous_12)
FN:126,(anonymous_13)
FN:135,(anonymous_14)
FN:136,(anonymous_15)
FN:146,(anonymous_16)
FN:155,(anonymous_17)
FN:178,(anonymous_18)
FN:184,(anonymous_19)
FN:204,(anonymous_20)
FNF:21
FNH:19
FNDA:34,(anonymous_0)
FNDA:9,(anonymous_1)
FNDA:9,(anonymous_2)
FNDA:12,(anonymous_3)
FNDA:9,(anonymous_4)
FNDA:9,(anonymous_5)
FNDA:0,(anonymous_6)
FNDA:2,(anonymous_7)
FNDA:1,(anonymous_8)
FNDA:12,(anonymous_9)
FNDA:12,(anonymous_10)
FNDA:2,(anonymous_11)
FNDA:7,(anonymous_12)
FNDA:2,(anonymous_13)
FNDA:1,(anonymous_14)
FNDA:66,(anonymous_15)
FNDA:1,(anonymous_16)
FNDA:8,(anonymous_17)
FNDA:1,(anonymous_18)
FNDA:1,(anonymous_19)
FNDA:0,(anonymous_20)
DA:12,1
DA:13,34
DA:14,34
DA:15,34
DA:16,33
DA:17,33
DA:18,33
DA:19,33
DA:20,33
DA:21,33
DA:24,33
DA:25,9
DA:26,9
DA:27,5
DA:28,4
DA:31,4
DA:35,33
DA:36,9
DA:37,9
DA:40,33
DA:41,12
DA:42,12
DA:43,12
DA:44,7
DA:45,7
DA:47,5
DA:48,5
DA:53,33
DA:54,9
DA:55,9
DA:56,6
DA:58,3
DA:62,33
DA:63,9
DA:64,0
DA:67,33
DA:68,0
DA:69,0
DA:70,0
DA:71,0
DA:72,0
DA:74,0
DA:75,0
DA:80,33
DA:81,2
DA:82,2
DA:83,1
DA:85,1
DA:87,2
DA:89,33
DA:90,12
DA:93,33
DA:94,12
DA:98,33
DA:99,2
DA:100,2
DA:104,0
DA:106,2
DA:109,33
DA:124,7
DA:126,2
DA:135,1
DA:137,66
DA:146,1
DA:156,8
DA:178,1
DA:185,1
DA:186,1
DA:190,1
DA:205,0
DA:206,0
LF:71
LH:60
BRDA:27,0,0,4
BRDA:27,0,1,1
BRDA:63,1,0,9
BRDA:63,1,1,0
BRDA:82,2,0,1
BRDA:82,2,1,1
BRDA:90,3,0,12
BRDA:90,3,1,0
BRDA:90,4,0,12
BRDA:90,4,1,1
BRDA:94,5,0,2
BRDA:94,5,1,10
BRDA:94,6,0,12
BRDA:94,6,1,11
BRDA:201,7,0,33
BRDA:201,7,1,32
BRDA:201,7,2,0
BRDA:209,8,0,0
BRDA:209,8,1,0
BRF:19
BRH:14
end_of_record
