TN:
SF:client/src/_site/components/Footer.js
FN:4,(anonymous_0)
FNF:1
FNH:1
FNDA:27,(anonymous_0)
DA:4,2
DA:5,27
LF:2
LH:2
BRF:0
BRH:0
end_of_record
TN:
SF:client/src/_site/components/Header.js
FN:10,(anonymous_0)
FN:14,(anonymous_1)
FN:63,(anonymous_2)
FNF:3
FNH:1
FNDA:27,(anonymous_0)
FNDA:0,(anonymous_1)
FNDA:0,(anonymous_2)
DA:10,2
DA:11,27
DA:12,27
DA:13,27
DA:14,27
DA:15,0
DA:20,0
DA:21,0
DA:23,27
DA:64,0
LF:10
LH:6
BRDA:76,0,0,27
BRDA:76,0,1,0
BRDA:105,1,0,0
BRDA:105,1,1,0
BRF:4
BRH:1
end_of_record
TN:
SF:client/src/_site/components/Layout.js
FN:8,(anonymous_0)
FNF:1
FNH:1
FNDA:27,(anonymous_0)
DA:8,2
DA:9,27
DA:28,2
LF:3
LH:3
BRF:0
BRH:0
end_of_record
TN:
SF:client/src/_site/components/Form/SearchInput.js
FN:5,(anonymous_0)
FN:9,(anonymous_1)
FN:30,(anonymous_2)
FNF:3
FNH:1
FNDA:27,(anonymous_0)
FNDA:0,(anonymous_1)
FNDA:0,(anonymous_2)
DA:5,2
DA:6,27
DA:7,27
DA:9,27
DA:10,0
DA:11,0
DA:12,0
DA:15,0
DA:16,0
DA:18,0
DA:21,27
DA:30,0
LF:12
LH:5
BRF:0
BRH:0
end_of_record
TN:
SF:client/src/_site/pages/Auth/Login.js
FN:9,(anonymous_0)
FN:20,(anonymous_1)
FN:62,(anonymous_2)
FN:73,(anonymous_3)
FN:84,(anonymous_4)
FNF:5
FNH:4
FNDA:11,(anonymous_0)
FNDA:2,(anonymous_1)
FNDA:3,(anonymous_2)
FNDA:3,(anonymous_3)
FNDA:0,(anonymous_4)
DA:9,1
DA:10,11
DA:11,11
DA:12,11
DA:15,11
DA:16,11
DA:20,11
DA:21,2
DA:22,2
DA:23,2
DA:27,1
DA:28,1
DA:36,1
DA:41,1
DA:42,1
DA:44,0
DA:47,1
DA:48,1
DA:51,11
DA:62,3
DA:73,3
DA:85,0
LF:22
LH:20
BRDA:27,0,0,1
BRDA:27,0,1,0
BRDA:27,1,0,1
BRDA:27,1,1,1
BRDA:28,2,0,1
BRDA:28,2,1,1
BRDA:42,3,0,1
BRDA:42,3,1,1
BRF:8
BRH:7
end_of_record
TN:
SF:client/src/_site/pages/Auth/Register.js
FN:7,(anonymous_0)
FN:18,(anonymous_1)
FN:51,(anonymous_2)
FN:63,(anonymous_3)
FN:74,(anonymous_4)
FN:85,(anonymous_5)
FN:96,(anonymous_6)
FN:107,(anonymous_7)
FN:118,(anonymous_8)
FNF:9
FNH:9
FNDA:16,(anonymous_0)
FNDA:2,(anonymous_1)
FNDA:2,(anonymous_2)
FNDA:2,(anonymous_3)
FNDA:2,(anonymous_4)
FNDA:2,(anonymous_5)
FNDA:2,(anonymous_6)
FNDA:2,(anonymous_7)
FNDA:2,(anonymous_8)
DA:7,1
DA:8,16
DA:9,16
DA:10,16
DA:11,16
DA:12,16
DA:13,16
DA:14,16
DA:15,16
DA:18,16
DA:19,2
DA:20,2
DA:21,2
DA:30,1
DA:31,1
DA:32,1
DA:34,0
DA:37,1
DA:38,1
DA:42,16
DA:51,2
DA:63,2
DA:74,2
DA:85,2
DA:96,2
DA:107,2
DA:118,2
LF:27
LH:26
BRDA:30,0,0,1
BRDA:30,0,1,0
BRDA:30,1,0,1
BRDA:30,1,1,1
BRF:4
BRH:3
end_of_record
TN:
SF:client/src/components/AdminMenu.js
FN:3,(anonymous_0)
FNF:1
FNH:1
FNDA:16,(anonymous_0)
DA:3,2
DA:4,16
LF:2
LH:2
BRF:0
BRH:0
end_of_record
TN:
SF:client/src/components/Footer.js
FN:4,(anonymous_0)
FNF:1
FNH:1
FNDA:225,(anonymous_0)
DA:4,11
DA:5,225
LF:2
LH:2
BRF:0
BRH:0
end_of_record
TN:
SF:client/src/components/Header.js
FN:10,(anonymous_0)
FN:14,(anonymous_1)
FN:63,(anonymous_2)
FNF:3
FNH:3
FNDA:233,(anonymous_0)
FNDA:1,(anonymous_1)
FNDA:26,(anonymous_2)
DA:10,11
DA:11,233
DA:12,233
DA:13,233
DA:14,233
DA:15,1
DA:20,1
DA:21,1
DA:23,233
DA:64,26
LF:10
LH:10
BRDA:76,0,0,192
BRDA:76,0,1,41
BRDA:105,1,0,1
BRDA:105,1,1,40
BRF:4
BRH:4
end_of_record
TN:
SF:client/src/components/Layout.js
FN:8,(anonymous_0)
FNF:1
FNH:1
FNDA:224,(anonymous_0)
DA:8,11
DA:9,224
DA:28,11
LF:3
LH:3
BRF:0
BRH:0
end_of_record
TN:
SF:client/src/components/Prices.js
FNF:0
FNH:0
DA:1,1
LF:1
LH:1
BRF:0
BRH:0
end_of_record
TN:
SF:client/src/components/Spinner.js
FN:3,(anonymous_0)
FN:8,(anonymous_1)
FN:9,(anonymous_2)
FN:10,(anonymous_3)
FN:15,(anonymous_4)
FNF:5
FNH:5
FNDA:8,(anonymous_0)
FNDA:8,(anonymous_1)
FNDA:6,(anonymous_2)
FNDA:6,(anonymous_3)
FNDA:8,(anonymous_4)
DA:3,1
DA:4,8
DA:5,8
DA:6,8
DA:8,8
DA:9,8
DA:10,6
DA:12,8
DA:15,8
DA:17,8
LF:10
LH:10
BRDA:3,0,0,8
BRDA:12,1,0,8
BRDA:12,1,1,2
BRF:3
BRH:3
end_of_record
TN:
SF:client/src/components/UserMenu.js
FN:3,(anonymous_0)
FNF:1
FNH:1
FNDA:8,(anonymous_0)
DA:3,1
DA:4,8
LF:2
LH:2
BRF:0
BRH:0
end_of_record
TN:
SF:client/src/components/Form/SearchInput.js
FN:5,(anonymous_0)
FN:9,(anonymous_1)
FN:30,(anonymous_2)
FNF:3
FNH:3
FNDA:240,(anonymous_0)
FNDA:2,(anonymous_1)
FNDA:1,(anonymous_2)
DA:5,12
DA:6,240
DA:7,240
DA:9,240
DA:10,2
DA:11,2
DA:12,2
DA:15,1
DA:16,1
DA:18,1
DA:21,240
DA:30,1
LF:12
LH:12
BRF:0
BRH:0
end_of_record
TN:
SF:client/src/context/auth.js
FN:6,(anonymous_0)
FN:15,(anonymous_1)
FN:35,(anonymous_2)
FNF:3
FNH:3
FNDA:7,(anonymous_0)
FNDA:4,(anonymous_1)
FNDA:7,(anonymous_2)
DA:4,1
DA:6,1
DA:7,7
DA:13,7
DA:15,7
DA:16,4
DA:17,4
DA:18,1
DA:19,1
DA:27,7
DA:35,7
LF:11
LH:11
BRDA:17,0,0,1
BRDA:17,0,1,3
BRF:2
BRH:2
end_of_record
TN:
SF:client/src/context/cart.js
FN:5,(anonymous_0)
FN:8,(anonymous_1)
FN:21,(anonymous_2)
FNF:3
FNH:3
FNDA:16,(anonymous_0)
FNDA:6,(anonymous_1)
FNDA:16,(anonymous_2)
DA:4,1
DA:5,1
DA:6,16
DA:8,16
DA:9,6
DA:10,6
DA:13,16
DA:21,16
LF:8
LH:8
BRDA:10,0,0,5
BRDA:10,0,1,1
BRF:2
BRH:2
end_of_record
TN:
SF:client/src/context/search.js
FN:4,(anonymous_0)
FN:18,(anonymous_1)
FNF:2
FNH:2
FNDA:8,(anonymous_0)
FNDA:8,(anonymous_1)
DA:3,1
DA:4,1
DA:5,8
DA:10,8
DA:18,8
LF:5
LH:5
BRF:0
BRH:0
end_of_record
TN:
SF:client/src/pages/About.js
FN:4,(anonymous_0)
FNF:1
FNH:1
FNDA:3,(anonymous_0)
DA:4,1
DA:5,3
LF:2
LH:2
BRF:0
BRH:0
end_of_record
TN:
SF:client/src/pages/CartPage.js
FN:12,(anonymous_0)
FN:21,(anonymous_1)
FN:24,(anonymous_2)
FN:36,(anonymous_3)
FN:39,(anonymous_4)
FN:49,(anonymous_5)
FN:57,(anonymous_6)
FN:62,(anonymous_7)
FN:102,(anonymous_8)
FN:121,(anonymous_9)
FN:141,(anonymous_10)
FN:152,(anonymous_11)
FN:159,(anonymous_12)
FN:182,(anonymous_13)
FNF:14
FNH:12
FNDA:12,(anonymous_0)
FNDA:11,(anonymous_1)
FNDA:5,(anonymous_2)
FNDA:2,(anonymous_3)
FNDA:2,(anonymous_4)
FNDA:11,(anonymous_5)
FNDA:11,(anonymous_6)
FNDA:0,(anonymous_7)
FNDA:5,(anonymous_8)
FNDA:2,(anonymous_9)
FNDA:1,(anonymous_10)
FNDA:1,(anonymous_11)
FNDA:1,(anonymous_12)
FNDA:0,(anonymous_13)
DA:12,1
DA:13,12
DA:14,12
DA:15,12
DA:16,11
DA:17,11
DA:18,11
DA:21,11
DA:22,11
DA:23,11
DA:24,11
DA:25,5
DA:27,11
DA:32,1
DA:36,11
DA:37,2
DA:38,2
DA:39,2
DA:40,2
DA:41,2
DA:42,1
DA:44,1
DA:49,11
DA:50,11
DA:51,11
DA:52,6
DA:54,5
DA:57,11
DA:58,11
DA:62,11
DA:63,0
DA:64,0
DA:65,0
DA:66,0
DA:70,0
DA:71,0
DA:72,0
DA:73,0
DA:74,0
DA:76,0
DA:77,0
DA:80,11
DA:103,5
DA:121,2
DA:141,1
DA:152,1
DA:160,1
DA:182,0
LF:48
LH:36
BRDA:86,0,0,5
BRDA:86,0,1,6
BRDA:88,1,0,6
BRDA:88,1,1,6
BRDA:90,2,0,4
BRDA:90,2,1,7
BRDA:92,3,0,3
BRDA:92,3,1,1
BRDA:134,4,0,1
BRDA:134,4,1,10
BRDA:149,5,0,5
BRDA:149,5,1,5
BRDA:171,6,0,11
BRDA:171,6,1,0
BRDA:171,7,0,11
BRDA:171,7,1,0
BRDA:171,7,2,0
BRDA:188,8,0,0
BRDA:188,8,1,0
BRDA:188,8,2,0
BRDA:190,9,0,0
BRDA:190,9,1,0
BRF:22
BRH:14
end_of_record
TN:
SF:client/src/pages/Contact.js
FN:4,(anonymous_0)
FNF:1
FNH:1
FNDA:11,(anonymous_0)
DA:4,1
DA:5,11
LF:2
LH:2
BRF:0
BRH:0
end_of_record
TN:
SF:client/src/pages/HomePage.js
FN:12,(anonymous_0)
FN:24,(anonymous_1)
FN:35,(anonymous_2)
FN:40,(anonymous_3)
FN:53,(anonymous_4)
FN:62,(anonymous_5)
FN:67,(anonymous_6)
FN:80,(anonymous_7)
FN:85,(anonymous_8)
FN:89,(anonymous_9)
FN:93,(anonymous_10)
FN:98,(anonymous_11)
FN:123,(anonymous_12)
FN:126,(anonymous_13)
FN:135,(anonymous_14)
FN:136,(anonymous_15)
FN:146,(anonymous_16)
FN:155,(anonymous_17)
FN:178,(anonymous_18)
FN:184,(anonymous_19)
FN:204,(anonymous_20)
FNF:21
FNH:12
FNDA:13,(anonymous_0)
FNDA:5,(anonymous_1)
FNDA:5,(anonymous_2)
FNDA:6,(anonymous_3)
FNDA:5,(anonymous_4)
FNDA:5,(anonymous_5)
FNDA:0,(anonymous_6)
FNDA:0,(anonymous_7)
FNDA:0,(anonymous_8)
FNDA:6,(anonymous_9)
FNDA:6,(anonymous_10)
FNDA:1,(anonymous_11)
FNDA:0,(anonymous_12)
FNDA:0,(anonymous_13)
FNDA:1,(anonymous_14)
FNDA:72,(anonymous_15)
FNDA:1,(anonymous_16)
FNDA:0,(anonymous_17)
FNDA:0,(anonymous_18)
FNDA:0,(anonymous_19)
FNDA:0,(anonymous_20)
DA:12,1
DA:13,13
DA:14,12
DA:15,12
DA:16,12
DA:17,12
DA:18,12
DA:19,12
DA:20,12
DA:21,12
DA:24,12
DA:25,5
DA:26,5
DA:27,0
DA:28,0
DA:31,5
DA:35,12
DA:36,5
DA:37,5
DA:40,12
DA:41,6
DA:42,6
DA:43,6
DA:44,0
DA:45,0
DA:47,6
DA:48,6
DA:53,12
DA:54,5
DA:55,5
DA:56,0
DA:58,5
DA:62,12
DA:63,5
DA:64,0
DA:67,12
DA:68,0
DA:69,0
DA:70,0
DA:71,0
DA:72,0
DA:74,0
DA:75,0
DA:80,12
DA:81,0
DA:82,0
DA:83,0
DA:85,0
DA:87,0
DA:89,12
DA:90,6
DA:93,12
DA:94,6
DA:98,12
DA:99,1
DA:100,1
DA:104,0
DA:106,1
DA:109,12
DA:124,0
DA:126,0
DA:135,1
DA:137,72
DA:146,1
DA:156,0
DA:178,0
DA:185,0
DA:186,0
DA:190,0
DA:205,0
DA:206,0
LF:71
LH:43
BRDA:27,0,0,0
BRDA:27,0,1,0
BRDA:63,1,0,5
BRDA:63,1,1,0
BRDA:82,2,0,0
BRDA:82,2,1,0
BRDA:90,3,0,6
BRDA:90,3,1,0
BRDA:90,4,0,6
BRDA:90,4,1,0
BRDA:94,5,0,1
BRDA:94,5,1,5
BRDA:94,6,0,6
BRDA:94,6,1,6
BRDA:201,7,0,12
BRDA:201,7,1,12
BRDA:201,7,2,0
BRDA:209,8,0,0
BRDA:209,8,1,0
BRF:19
BRH:9
end_of_record
TN:
SF:client/src/pages/Pagenotfound.js
FN:5,(anonymous_0)
FNF:1
FNH:1
FNDA:3,(anonymous_0)
DA:5,1
DA:6,3
LF:2
LH:2
BRF:0
BRH:0
end_of_record
TN:
SF:client/src/pages/Policy.js
FN:4,(anonymous_0)
FNF:1
FNH:1
FNDA:3,(anonymous_0)
DA:4,1
DA:5,3
LF:2
LH:2
BRF:0
BRH:0
end_of_record
TN:
SF:client/src/pages/Search.js
FN:4,(anonymous_0)
FN:17,(anonymous_1)
FNF:2
FNH:2
FNDA:6,(anonymous_0)
FNDA:7,(anonymous_1)
DA:4,1
DA:5,6
DA:6,6
DA:18,7
LF:4
LH:4
BRDA:12,0,0,2
BRDA:12,0,1,4
BRF:2
BRH:2
end_of_record
TN:
SF:client/src/pages/Auth/Login.js
FN:9,(anonymous_0)
FN:20,(anonymous_1)
FN:62,(anonymous_2)
FN:73,(anonymous_3)
FN:84,(anonymous_4)
FNF:5
FNH:5
FNDA:32,(anonymous_0)
FNDA:2,(anonymous_1)
FNDA:9,(anonymous_2)
FNDA:9,(anonymous_3)
FNDA:1,(anonymous_4)
DA:9,1
DA:10,32
DA:11,32
DA:12,32
DA:15,32
DA:16,32
DA:20,32
DA:21,2
DA:22,2
DA:23,2
DA:27,1
DA:28,1
DA:36,1
DA:41,1
DA:42,1
DA:44,0
DA:47,1
DA:48,1
DA:51,32
DA:62,9
DA:73,9
DA:85,1
LF:22
LH:21
BRDA:27,0,0,1
BRDA:27,0,1,0
BRDA:27,1,0,1
BRDA:27,1,1,1
BRDA:28,2,0,1
BRDA:28,2,1,1
BRDA:42,3,0,1
BRDA:42,3,1,1
BRF:8
BRH:7
end_of_record
TN:
SF:client/src/pages/Auth/Register.js
FN:7,(anonymous_0)
FN:18,(anonymous_1)
FN:51,(anonymous_2)
FN:63,(anonymous_3)
FN:74,(anonymous_4)
FN:85,(anonymous_5)
FN:96,(anonymous_6)
FN:107,(anonymous_7)
FN:118,(anonymous_8)
FNF:9
FNH:9
FNDA:106,(anonymous_0)
FNDA:2,(anonymous_1)
FNDA:13,(anonymous_2)
FNDA:13,(anonymous_3)
FNDA:13,(anonymous_4)
FNDA:13,(anonymous_5)
FNDA:13,(anonymous_6)
FNDA:13,(anonymous_7)
FNDA:13,(anonymous_8)
DA:7,1
DA:8,106
DA:9,106
DA:10,106
DA:11,106
DA:12,106
DA:13,106
DA:14,106
DA:15,106
DA:18,106
DA:19,2
DA:20,2
DA:21,2
DA:30,1
DA:31,1
DA:32,1
DA:34,0
DA:37,1
DA:38,1
DA:42,106
DA:51,13
DA:63,13
DA:74,13
DA:85,13
DA:96,13
DA:107,13
DA:118,13
LF:27
LH:26
BRDA:30,0,0,1
BRDA:30,0,1,0
BRDA:30,1,0,1
BRDA:30,1,1,1
BRF:4
BRH:3
end_of_record
TN:
SF:client/src/pages/admin/AdminDashboard.js
FN:5,(anonymous_0)
FNF:1
FNH:1
FNDA:3,(anonymous_0)
DA:5,1
DA:6,3
DA:7,3
LF:3
LH:3
BRF:0
BRH:0
end_of_record
TN:
SF:client/src/pages/admin/AdminOrders.js
FN:11,(anonymous_0)
FN:22,(anonymous_1)
FN:31,(anonymous_2)
FN:35,(anonymous_3)
FN:53,(anonymous_4)
FN:73,(anonymous_5)
FN:76,(anonymous_6)
FN:91,(anonymous_7)
FNF:8
FNH:6
FNDA:12,(anonymous_0)
FNDA:7,(anonymous_1)
FNDA:7,(anonymous_2)
FNDA:0,(anonymous_3)
FNDA:4,(anonymous_4)
FNDA:0,(anonymous_5)
FNDA:20,(anonymous_6)
FNDA:4,(anonymous_7)
DA:9,1
DA:11,1
DA:12,12
DA:19,11
DA:20,11
DA:21,11
DA:22,11
DA:23,7
DA:24,7
DA:25,6
DA:27,1
DA:31,11
DA:32,7
DA:35,11
DA:36,0
DA:37,0
DA:40,0
DA:42,0
DA:45,11
DA:54,4
DA:73,0
DA:77,20
DA:92,4
LF:23
LH:18
BRDA:32,0,0,7
BRDA:32,0,1,0
BRDA:85,1,0,4
BRDA:85,1,1,0
BRF:4
BRH:2
end_of_record
TN:
SF:client/src/pages/admin/Products.js
FN:7,(anonymous_0)
FN:11,(anonymous_1)
FN:22,(anonymous_2)
FN:34,(anonymous_3)
FNF:4
FNH:4
FNDA:7,(anonymous_0)
FNDA:5,(anonymous_1)
FNDA:5,(anonymous_2)
FNDA:3,(anonymous_3)
DA:7,1
DA:8,7
DA:11,6
DA:12,5
DA:13,5
DA:14,4
DA:16,1
DA:17,1
DA:22,6
DA:23,5
DA:25,6
DA:35,3
LF:12
LH:12
BRF:0
BRH:0
end_of_record
TN:
SF:client/src/pages/user/Orders.js
FN:8,(anonymous_0)
FN:11,(anonymous_1)
FN:20,(anonymous_2)
FN:32,(anonymous_3)
FN:58,(anonymous_4)
FNF:5
FNH:5
FNDA:9,(anonymous_0)
FNDA:2,(anonymous_1)
FNDA:7,(anonymous_2)
FNDA:1,(anonymous_3)
FNDA:1,(anonymous_4)
DA:8,1
DA:9,9
DA:10,8
DA:11,8
DA:12,2
DA:13,2
DA:14,1
DA:16,1
DA:20,8
DA:21,7
DA:23,8
DA:33,1
DA:59,1
LF:13
LH:13
BRDA:21,0,0,2
BRDA:21,0,1,5
BRDA:52,1,0,1
BRDA:52,1,1,0
BRF:4
BRH:3
end_of_record
TN:
SF:client/src/pages/user/Profile.js
FN:7,(anonymous_0)
FN:18,(anonymous_1)
FN:27,(anonymous_2)
FN:67,(anonymous_3)
FN:78,(anonymous_4)
FN:89,(anonymous_5)
FN:99,(anonymous_6)
FN:109,(anonymous_7)
FNF:8
FNH:8
FNDA:50,(anonymous_0)
FNDA:33,(anonymous_1)
FNDA:3,(anonymous_2)
FNDA:3,(anonymous_3)
FNDA:1,(anonymous_4)
FNDA:1,(anonymous_5)
FNDA:3,(anonymous_6)
FNDA:3,(anonymous_7)
DA:7,1
DA:9,50
DA:11,50
DA:12,50
DA:13,50
DA:14,50
DA:15,50
DA:18,50
DA:19,33
DA:20,33
DA:21,33
DA:22,33
DA:23,33
DA:27,50
DA:28,3
DA:29,3
DA:30,3
DA:37,1
DA:38,0
DA:40,1
DA:41,1
DA:42,1
DA:43,1
DA:44,1
DA:45,1
DA:48,2
DA:49,2
DA:52,50
DA:67,3
DA:78,1
DA:89,1
DA:99,3
DA:109,3
LF:33
LH:32
BRDA:37,0,0,0
BRDA:37,0,1,1
BRF:2
BRH:1
end_of_record
TN:
SF:controllers/authController.js
FN:7,(anonymous_0)
FN:66,(anonymous_1)
FN:120,(anonymous_2)
FN:158,(anonymous_3)
FN:168,(anonymous_4)
FN:203,(anonymous_5)
FN:220,(anonymous_6)
FN:239,(anonymous_7)
FNF:8
FNH:5
FNDA:2,(anonymous_0)
FNDA:2,(anonymous_1)
FNDA:2,(anonymous_2)
FNDA:1,(anonymous_3)
FNDA:1,(anonymous_4)
FNDA:0,(anonymous_5)
FNDA:0,(anonymous_6)
FNDA:0,(anonymous_7)
DA:7,1
DA:8,2
DA:9,2
DA:11,2
DA:12,0
DA:14,2
DA:15,0
DA:17,2
DA:18,0
DA:20,2
DA:21,0
DA:23,2
DA:24,0
DA:26,2
DA:27,0
DA:30,2
DA:32,2
DA:33,1
DA:39,1
DA:41,1
DA:50,1
DA:56,0
DA:57,0
DA:66,1
DA:67,2
DA:68,2
DA:70,2
DA:71,0
DA:77,2
DA:78,2
DA:79,0
DA:84,2
DA:85,2
DA:86,1
DA:92,1
DA:95,1
DA:109,0
DA:110,0
DA:120,1
DA:121,2
DA:122,2
DA:123,2
DA:124,0
DA:126,2
DA:127,0
DA:129,2
DA:130,0
DA:133,2
DA:135,2
DA:136,1
DA:141,1
DA:142,1
DA:143,1
DA:148,0
DA:149,0
DA:158,1
DA:159,1
DA:160,1
DA:162,0
DA:163,0
DA:168,1
DA:169,1
DA:170,1
DA:171,1
DA:173,1
DA:174,0
DA:176,1
DA:177,1
DA:187,1
DA:193,0
DA:194,0
DA:203,1
DA:204,0
DA:205,0
DA:209,0
DA:211,0
DA:212,0
DA:220,1
DA:221,0
DA:222,0
DA:227,0
DA:229,0
DA:230,0
DA:239,1
DA:240,0
DA:241,0
DA:242,0
DA:243,0
DA:248,0
DA:250,0
DA:251,0
LF:91
LH:52
BRDA:11,0,0,0
BRDA:11,0,1,2
BRDA:14,1,0,0
BRDA:14,1,1,2
BRDA:17,2,0,0
BRDA:17,2,1,2
BRDA:20,3,0,0
BRDA:20,3,1,2
BRDA:23,4,0,0
BRDA:23,4,1,2
BRDA:26,5,0,0
BRDA:26,5,1,2
BRDA:32,6,0,1
BRDA:32,6,1,1
BRDA:70,7,0,0
BRDA:70,7,1,2
BRDA:70,8,0,2
BRDA:70,8,1,2
BRDA:78,9,0,0
BRDA:78,9,1,2
BRDA:85,10,0,1
BRDA:85,10,1,1
BRDA:123,11,0,0
BRDA:123,11,1,2
BRDA:126,12,0,0
BRDA:126,12,1,2
BRDA:129,13,0,0
BRDA:129,13,1,2
BRDA:135,14,0,1
BRDA:135,14,1,1
BRDA:173,15,0,0
BRDA:173,15,1,1
BRDA:173,16,0,1
BRDA:173,16,1,0
BRDA:176,17,0,0
BRDA:176,17,1,1
BRDA:180,18,0,1
BRDA:180,18,1,0
BRDA:181,19,0,1
BRDA:181,19,1,1
BRDA:182,20,0,1
BRDA:182,20,1,0
BRDA:183,21,0,1
BRDA:183,21,1,1
BRF:44
BRH:28
end_of_record
TN:
SF:controllers/categoryController.js
FN:3,(anonymous_0)
FN:36,(anonymous_1)
FN:61,(anonymous_2)
FN:80,(anonymous_3)
FN:99,(anonymous_4)
FNF:5
FNH:3
FNDA:4,(anonymous_0)
FNDA:4,(anonymous_1)
FNDA:0,(anonymous_2)
FNDA:0,(anonymous_3)
FNDA:4,(anonymous_4)
DA:3,1
DA:4,4
DA:5,4
DA:6,4
DA:7,1
DA:9,3
DA:10,2
DA:11,1
DA:16,1
DA:20,1
DA:26,1
DA:27,1
DA:36,1
DA:37,4
DA:38,4
DA:39,4
DA:40,4
DA:45,2
DA:51,2
DA:52,2
DA:61,1
DA:62,0
DA:63,0
DA:64,0
DA:70,0
DA:71,0
DA:80,1
DA:81,0
DA:82,0
DA:83,0
DA:89,0
DA:90,0
DA:99,1
DA:100,4
DA:101,4
DA:102,4
DA:103,2
DA:108,2
DA:109,2
LF:39
LH:29
BRDA:6,0,0,1
BRDA:6,0,1,3
BRDA:10,1,0,1
BRDA:10,1,1,1
BRF:4
BRH:4
end_of_record
TN:
SF:controllers/productController.js
FN:20,(anonymous_0)
FN:65,(anonymous_1)
FN:89,(anonymous_2)
FN:111,(anonymous_3)
FN:129,(anonymous_4)
FN:147,(anonymous_5)
FN:196,(anonymous_6)
FN:218,(anonymous_7)
FN:236,(anonymous_8)
FN:261,(anonymous_9)
FN:284,(anonymous_10)
FN:310,(anonymous_11)
FN:331,(anonymous_12)
FN:333,(anonymous_13)
FN:346,(anonymous_14)
FN:350,(anonymous_15)
FN:361,(anonymous_16)
FNF:17
FNH:12
FNDA:8,(anonymous_0)
FNDA:2,(anonymous_1)
FNDA:3,(anonymous_2)
FNDA:3,(anonymous_3)
FNDA:3,(anonymous_4)
FNDA:9,(anonymous_5)
FNDA:6,(anonymous_6)
FNDA:2,(anonymous_7)
FNDA:2,(anonymous_8)
FNDA:3,(anonymous_9)
FNDA:3,(anonymous_10)
FNDA:4,(anonymous_11)
FNDA:0,(anonymous_12)
FNDA:0,(anonymous_13)
FNDA:0,(anonymous_14)
FNDA:0,(anonymous_15)
FNDA:0,(anonymous_16)
DA:10,1
DA:13,1
DA:20,1
DA:21,8
DA:23,8
DA:24,8
DA:26,8
DA:28,1
DA:30,1
DA:32,1
DA:34,1
DA:36,1
DA:38,1
DA:43,2
DA:44,2
DA:45,2
DA:46,2
DA:48,2
DA:49,1
DA:55,1
DA:56,1
DA:65,1
DA:66,2
DA:67,2
DA:73,1
DA:80,1
DA:81,1
DA:89,1
DA:90,3
DA:91,3
DA:95,2
DA:101,1
DA:102,1
DA:111,1
DA:112,3
DA:113,3
DA:114,2
DA:115,1
DA:116,1
DA:119,1
DA:120,1
DA:129,1
DA:130,3
DA:131,3
DA:132,2
DA:137,1
DA:138,1
DA:147,1
DA:148,9
DA:150,9
DA:151,9
DA:153,9
DA:155,1
DA:157,1
DA:159,1
DA:161,1
DA:163,1
DA:165,1
DA:170,3
DA:175,2
DA:176,1
DA:177,1
DA:179,2
DA:180,2
DA:186,1
DA:187,1
DA:196,1
DA:197,6
DA:198,6
DA:199,6
DA:200,6
DA:201,6
DA:202,6
DA:203,5
DA:208,1
DA:209,1
DA:218,1
DA:219,2
DA:220,2
DA:221,1
DA:226,1
DA:227,1
DA:236,1
DA:237,2
DA:238,2
DA:239,2
DA:240,2
DA:246,1
DA:251,1
DA:252,1
DA:261,1
DA:262,3
DA:263,3
DA:264,3
DA:272,2
DA:274,1
DA:275,1
DA:284,1
DA:285,3
DA:286,3
DA:287,3
DA:295,2
DA:300,1
DA:301,1
DA:310,1
DA:311,4
DA:312,4
DA:313,3
DA:314,3
DA:320,1
DA:321,1
DA:331,1
DA:332,0
DA:333,0
DA:334,0
DA:335,0
DA:337,0
DA:341,0
DA:346,1
DA:347,0
DA:348,0
DA:349,0
DA:350,0
DA:351,0
DA:353,0
DA:362,0
DA:363,0
DA:368,0
DA:370,0
DA:375,0
LF:130
LH:113
BRDA:26,0,0,1
BRDA:26,0,1,1
BRDA:26,0,2,1
BRDA:26,0,3,1
BRDA:26,0,4,1
BRDA:26,0,5,1
BRDA:37,1,0,3
BRDA:37,1,1,3
BRDA:44,2,0,2
BRDA:44,2,1,0
BRDA:114,3,0,1
BRDA:114,3,1,1
BRDA:153,4,0,1
BRDA:153,4,1,1
BRDA:153,4,2,1
BRDA:153,4,3,1
BRDA:153,4,4,1
BRDA:153,4,5,1
BRDA:164,5,0,4
BRDA:164,5,1,3
BRDA:175,6,0,1
BRDA:175,6,1,1
BRDA:200,7,0,3
BRDA:200,7,1,3
BRDA:201,8,0,2
BRDA:201,8,1,4
BRDA:239,9,0,2
BRDA:239,9,1,0
BRDA:334,10,0,0
BRDA:334,10,1,0
BRDA:362,11,0,0
BRDA:362,11,1,0
BRF:32
BRH:26
end_of_record
TN:
SF:helpers/authHelper.js
FN:3,(anonymous_0)
FN:14,(anonymous_1)
FNF:2
FNH:2
FNDA:2,(anonymous_0)
FNDA:2,(anonymous_1)
DA:3,1
DA:4,2
DA:5,2
DA:6,2
DA:7,2
DA:10,0
DA:14,1
DA:15,2
LF:8
LH:7
BRF:0
BRH:0
end_of_record
TN:
SF:models/categoryModel.js
FNF:0
FNH:0
DA:3,1
LF:1
LH:1
BRF:0
BRH:0
end_of_record
TN:
SF:models/orderModel.js
FNF:0
FNH:0
DA:3,2
LF:1
LH:1
BRF:0
BRH:0
end_of_record
TN:
SF:models/productModel.js
FNF:0
FNH:0
DA:3,1
LF:1
LH:1
BRF:0
BRH:0
end_of_record
TN:
SF:models/userModel.js
FNF:0
FNH:0
DA:3,2
LF:1
LH:1
BRF:0
BRH:0
end_of_record
